{
  "stats": {
    "suites": 1,
    "tests": 1,
    "passes": 1,
    "pending": 0,
    "failures": 0,
    "start": "2020-06-29T22:50:03.512Z",
    "end": "2020-06-29T22:50:21.284Z",
    "duration": 17772,
    "testsRegistered": 1,
    "passPercent": 100,
    "pendingPercent": 0,
    "other": 0,
    "hasOther": false,
    "skipped": 0,
    "hasSkipped": false
  },
  "results": [
    {
      "uuid": "4ff22fb2-4d4b-4c51-b55d-fc9714e5710d",
      "title": "",
      "fullFile": "cypress/integration/test-crowdtest/incluiProjeto.spec.js",
      "file": "cypress/integration/test-crowdtest/incluiProjeto.spec.js",
      "beforeHooks": [],
      "afterHooks": [],
      "tests": [],
      "suites": [
        {
          "uuid": "21db1655-fde1-4e0a-8d5d-8e525bd0da83",
          "title": "Incluir Projeto",
          "fullFile": "",
          "file": "",
          "beforeHooks": [],
          "afterHooks": [],
          "tests": [
            {
              "title": "Inclui Projeto",
              "fullTitle": "Incluir Projeto Inclui Projeto",
              "timedOut": null,
              "duration": 15333,
              "state": "passed",
              "speed": "slow",
              "pass": true,
              "fail": false,
              "pending": false,
              "context": null,
              "code": "var _this2 = this;\ncy.fixture('crowdData').as('usuario').then(function () {\n  cy.incluirProjeto(_this2.usuario.idProjeto + id, _this2.usuario.nomeProjeto, _this2.usuario.descricaoProjeto, _this2.usuario.tipoProjeto, _this2.usuario.feature + id);\n  cy.validaMensagemSucesso('Projeto criado com sucesso');\n});",
              "err": {},
              "uuid": "288b9c78-7aac-4ba2-ad02-4e4b1821548b",
              "parentUUID": "21db1655-fde1-4e0a-8d5d-8e525bd0da83",
              "isHook": false,
              "skipped": false
            }
          ],
          "suites": [],
          "passes": [
            "288b9c78-7aac-4ba2-ad02-4e4b1821548b"
          ],
          "failures": [],
          "pending": [],
          "skipped": [],
          "duration": 15333,
          "root": false,
          "rootEmpty": false,
          "_timeout": 2000
        }
      ],
      "passes": [],
      "failures": [],
      "pending": [],
      "skipped": [],
      "duration": 0,
      "root": true,
      "rootEmpty": true,
      "_timeout": 2000
    }
  ],
  "meta": {
    "mocha": {
      "version": "8.0.1"
    },
    "mochawesome": {
      "options": {
        "quiet": false,
        "reportFilename": "mochawesome",
        "saveHtml": true,
        "saveJson": true,
        "consoleReporter": "spec",
        "useInlineDiffs": false,
        "code": true
      },
      "version": "6.1.1"
    },
    "marge": {
      "options": {
        "id": "default",
        "reportDir": "cypress/reports/mocha",
        "quite": true,
        "overwrite": false,
        "html": true,
        "json": true
      },
      "version": "5.1.0"
    }
  }
}