{
  "stats": {
    "suites": 1,
    "tests": 1,
    "passes": 0,
    "pending": 0,
    "failures": 1,
    "start": "2020-06-30T17:57:46.066Z",
    "end": "2020-06-30T17:57:54.144Z",
    "duration": 8078,
    "testsRegistered": 1,
    "passPercent": 0,
    "pendingPercent": 0,
    "other": 0,
    "hasOther": false,
    "skipped": 0,
    "hasSkipped": false
  },
  "results": [
    {
      "uuid": "c3f3e65d-cb05-4310-99b6-9d6dae262b71",
      "title": "",
      "fullFile": "cypress/integration/api/api-regres-test/api-regres.spec.js",
      "file": "cypress/integration/api/api-regres-test/api-regres.spec.js",
      "beforeHooks": [],
      "afterHooks": [],
      "tests": [],
      "suites": [
        {
          "uuid": "57a8ad9f-a811-4d86-9bdf-1cfce15c05d7",
          "title": "API Regres",
          "fullFile": "",
          "file": "",
          "beforeHooks": [],
          "afterHooks": [],
          "tests": [
            {
              "title": "Validando Content-type",
              "fullTitle": "API Regres Validando Content-type",
              "timedOut": null,
              "duration": 8015,
              "state": "failed",
              "speed": null,
              "pass": false,
              "fail": true,
              "pending": false,
              "context": null,
              "code": "cy.get('@users').its('headers').its('content-type').should('include', 'application/jason; charset=utf-8');",
              "err": {
                "message": "CypressError: Timed out retrying: expected 'text/html; charset=UTF-8' to include 'application/jason; charset=utf-8'",
                "estack": "CypressError: Timed out retrying: expected 'text/html; charset=UTF-8' to include 'application/jason; charset=utf-8'\n    at Object.cypressErr (https://regres.in/__cypress/runner/cypress_runner.js:86207:11)\n    at Object.throwErr (https://regres.in/__cypress/runner/cypress_runner.js:86162:18)\n    at Object.throwErrByPath (https://regres.in/__cypress/runner/cypress_runner.js:86194:17)\n    at retry (https://regres.in/__cypress/runner/cypress_runner.js:76849:16)\n    at onFailFn (https://regres.in/__cypress/runner/cypress_runner.js:65634:16)\n    at tryCatcher (https://regres.in/__cypress/runner/cypress_runner.js:120203:23)\n    at Promise._settlePromiseFromHandler (https://regres.in/__cypress/runner/cypress_runner.js:118139:31)\n    at Promise._settlePromise (https://regres.in/__cypress/runner/cypress_runner.js:118196:18)\n    at Promise._settlePromise0 (https://regres.in/__cypress/runner/cypress_runner.js:118241:10)\n    at Promise._settlePromises (https://regres.in/__cypress/runner/cypress_runner.js:118316:18)\n    at Async../node_modules/bluebird/js/release/async.js.Async._drainQueue (https://regres.in/__cypress/runner/cypress_runner.js:114928:16)\n    at Async../node_modules/bluebird/js/release/async.js.Async._drainQueues (https://regres.in/__cypress/runner/cypress_runner.js:114938:10)\n    at Async.drainQueues (https://regres.in/__cypress/runner/cypress_runner.js:114812:14)",
                "diff": null
              },
              "uuid": "4a795f37-01e2-4c2f-9784-55e1863e85ca",
              "parentUUID": "57a8ad9f-a811-4d86-9bdf-1cfce15c05d7",
              "isHook": false,
              "skipped": false
            }
          ],
          "suites": [],
          "passes": [],
          "failures": [
            "4a795f37-01e2-4c2f-9784-55e1863e85ca"
          ],
          "pending": [],
          "skipped": [],
          "duration": 8015,
          "root": false,
          "rootEmpty": false,
          "_timeout": 2000
        }
      ],
      "passes": [],
      "failures": [],
      "pending": [],
      "skipped": [],
      "duration": 0,
      "root": true,
      "rootEmpty": true,
      "_timeout": 2000
    }
  ],
  "meta": {
    "mocha": {
      "version": "8.0.1"
    },
    "mochawesome": {
      "options": {
        "quiet": false,
        "reportFilename": "mochawesome",
        "saveHtml": true,
        "saveJson": true,
        "consoleReporter": "spec",
        "useInlineDiffs": false,
        "code": true
      },
      "version": "6.1.1"
    },
    "marge": {
      "options": {
        "id": "default",
        "reportDir": "cypress/reports/mocha",
        "quite": true,
        "overwrite": false,
        "html": true,
        "json": true
      },
      "version": "5.1.0"
    }
  }
}