{
  "stats": {
    "suites": 1,
    "tests": 1,
    "passes": 1,
    "pending": 0,
    "failures": 0,
    "start": "2020-06-30T17:58:04.948Z",
    "end": "2020-06-30T17:59:04.335Z",
    "duration": 59387,
    "testsRegistered": 1,
    "passPercent": 100,
    "pendingPercent": 0,
    "other": 0,
    "hasOther": false,
    "skipped": 0,
    "hasSkipped": false
  },
  "results": [
    {
      "uuid": "96c8822b-a66a-4da2-b635-e84239d9d7fd",
      "title": "",
      "fullFile": "cypress/integration/web/test-crowdtest/addProjetoCompleto.spec.js",
      "file": "cypress/integration/web/test-crowdtest/addProjetoCompleto.spec.js",
      "beforeHooks": [],
      "afterHooks": [],
      "tests": [],
      "suites": [
        {
          "uuid": "1f5a7384-b730-4573-910d-f43b6d6c2541",
          "title": "Projeto Completo",
          "fullFile": "",
          "file": "",
          "beforeHooks": [],
          "afterHooks": [],
          "tests": [
            {
              "title": "Adiciona Projeto Completo",
              "fullTitle": "Projeto Completo Adiciona Projeto Completo",
              "timedOut": null,
              "duration": 56477,
              "state": "passed",
              "speed": "slow",
              "pass": true,
              "fail": false,
              "pending": false,
              "context": null,
              "code": "cy.fixture('crowdData').as('usuario').then(function (usuario) {\n  cy.incluirProjeto(usuario.idProjeto + id, usuario.nomeProjeto, usuario.descricaoProjeto, usuario.tipoProjeto, 'IncluirCT');\n  cy.incluirEquipe(usuario.testador);\n  cy.incluiCasoDeTeste(usuario.titulo_CT, usuario.descricao_CT, usuario.resultadoEsperado_CT, usuario.newFeature, usuario.selectFeature);\n  cy.selecionaMenuReleaseProjeto();\n  cy.incluirRelease(usuario.nomeRelease + id, usuario.InstrucoesRelease);\n  cy.acessaMenuBugTrackerProjeto();\n  cy.incluirBug(usuario.tituloBug);\n  cy.ValidaBugCadastrado('cadastrada com sucesso.');\n});",
              "err": {},
              "uuid": "2480102c-060c-4cec-8b36-7adf2d6ed910",
              "parentUUID": "1f5a7384-b730-4573-910d-f43b6d6c2541",
              "isHook": false,
              "skipped": false
            }
          ],
          "suites": [],
          "passes": [
            "2480102c-060c-4cec-8b36-7adf2d6ed910"
          ],
          "failures": [],
          "pending": [],
          "skipped": [],
          "duration": 56477,
          "root": false,
          "rootEmpty": false,
          "_timeout": 2000
        }
      ],
      "passes": [],
      "failures": [],
      "pending": [],
      "skipped": [],
      "duration": 0,
      "root": true,
      "rootEmpty": true,
      "_timeout": 2000
    }
  ],
  "meta": {
    "mocha": {
      "version": "8.0.1"
    },
    "mochawesome": {
      "options": {
        "quiet": false,
        "reportFilename": "mochawesome",
        "saveHtml": true,
        "saveJson": true,
        "consoleReporter": "spec",
        "useInlineDiffs": false,
        "code": true
      },
      "version": "6.1.1"
    },
    "marge": {
      "options": {
        "id": "default",
        "reportDir": "cypress/reports/mocha",
        "quite": true,
        "overwrite": false,
        "html": true,
        "json": true
      },
      "version": "5.1.0"
    }
  }
}