{
  "stats": {
    "suites": 1,
    "tests": 1,
    "passes": 1,
    "pending": 0,
    "failures": 0,
    "start": "2020-06-29T22:50:27.457Z",
    "end": "2020-06-29T22:50:55.430Z",
    "duration": 27973,
    "testsRegistered": 1,
    "passPercent": 100,
    "pendingPercent": 0,
    "other": 0,
    "hasOther": false,
    "skipped": 0,
    "hasSkipped": false
  },
  "results": [
    {
      "uuid": "666aecdf-04e3-4b5a-ac23-c9b682d9cafb",
      "title": "",
      "fullFile": "cypress/integration/test-crowdtest/incluiRelease.spec.js",
      "file": "cypress/integration/test-crowdtest/incluiRelease.spec.js",
      "beforeHooks": [],
      "afterHooks": [],
      "tests": [],
      "suites": [
        {
          "uuid": "cd1c5360-eea8-4963-91f0-8390ed831127",
          "title": "Release",
          "fullFile": "",
          "file": "",
          "beforeHooks": [],
          "afterHooks": [],
          "tests": [
            {
              "title": "Inclui Release",
              "fullTitle": "Release Inclui Release",
              "timedOut": null,
              "duration": 26138,
              "state": "passed",
              "speed": "slow",
              "pass": true,
              "fail": false,
              "pending": false,
              "context": null,
              "code": "cy.fixture('crowdData').as('usuario').then(function (usuario) {\n  cy.incluirProjeto(usuario.idProjeto + id, usuario.nomeProjeto, usuario.descricaoProjeto, usuario.tipoProjeto, usuario.feature + id);\n  cy.selecionaMenuRelease();\n  cy.incluirRelease(usuario.nomeRelease, usuario.InstrucoesRelease, usuario.feature + id);\n  cy.ValidaRelease(usuario.nomeRelease);\n});",
              "err": {},
              "uuid": "0fe5aff5-90cc-4ffa-87cb-c9df9abe7ab4",
              "parentUUID": "cd1c5360-eea8-4963-91f0-8390ed831127",
              "isHook": false,
              "skipped": false
            }
          ],
          "suites": [],
          "passes": [
            "0fe5aff5-90cc-4ffa-87cb-c9df9abe7ab4"
          ],
          "failures": [],
          "pending": [],
          "skipped": [],
          "duration": 26138,
          "root": false,
          "rootEmpty": false,
          "_timeout": 2000
        }
      ],
      "passes": [],
      "failures": [],
      "pending": [],
      "skipped": [],
      "duration": 0,
      "root": true,
      "rootEmpty": true,
      "_timeout": 2000
    }
  ],
  "meta": {
    "mocha": {
      "version": "8.0.1"
    },
    "mochawesome": {
      "options": {
        "quiet": false,
        "reportFilename": "mochawesome",
        "saveHtml": true,
        "saveJson": true,
        "consoleReporter": "spec",
        "useInlineDiffs": false,
        "code": true
      },
      "version": "6.1.1"
    },
    "marge": {
      "options": {
        "id": "default",
        "reportDir": "cypress/reports/mocha",
        "quite": true,
        "overwrite": false,
        "html": true,
        "json": true
      },
      "version": "5.1.0"
    }
  }
}