{
  "stats": {
    "suites": 1,
    "tests": 4,
    "passes": 4,
    "pending": 0,
    "failures": 0,
    "start": "2020-06-30T17:57:31.225Z",
    "end": "2020-06-30T17:57:34.844Z",
    "duration": 3619,
    "testsRegistered": 4,
    "passPercent": 100,
    "pendingPercent": 0,
    "other": 0,
    "hasOther": false,
    "skipped": 0,
    "hasSkipped": false
  },
  "results": [
    {
      "uuid": "4e755e51-8890-4ac8-8778-9c56b6b86155",
      "title": "",
      "fullFile": "cypress/integration/api/api-petTest/petApi.spec.js",
      "file": "cypress/integration/api/api-petTest/petApi.spec.js",
      "beforeHooks": [],
      "afterHooks": [],
      "tests": [],
      "suites": [
        {
          "uuid": "8a14ace7-fa5f-4239-98e4-aac5eac5b187",
          "title": "Pet Request",
          "fullFile": "",
          "file": "",
          "beforeHooks": [],
          "afterHooks": [],
          "tests": [
            {
              "title": "Post - Pet",
              "fullTitle": "Pet Request Post - Pet",
              "timedOut": null,
              "duration": 1854,
              "state": "passed",
              "speed": "slow",
              "pass": true,
              "fail": false,
              "pending": false,
              "context": null,
              "code": "cy.request({\n  method: 'POST',\n  url: 'https://petstore.swagger.io/v2/pet/',\n  body: {\n    \"id\": id,\n    \"name\": name,\n    \"photoUrls\": [],\n    \"tags\": [],\n    \"status\": \"LIVE\"\n  }\n}).then(function (res) {\n  return console.log(\"POST: \" + res);\n}).its('status').should('to.be.equal', 200);",
              "err": {},
              "uuid": "1753722a-80bd-4a0f-ba18-557f27073c3b",
              "parentUUID": "8a14ace7-fa5f-4239-98e4-aac5eac5b187",
              "isHook": false,
              "skipped": false
            },
            {
              "title": "Get - StatusPet",
              "fullTitle": "Pet Request Get - StatusPet",
              "timedOut": null,
              "duration": 615,
              "state": "passed",
              "speed": "slow",
              "pass": true,
              "fail": false,
              "pending": false,
              "context": null,
              "code": "cy.request({\n  method: 'GET',\n  url: 'https://petstore.swagger.io/#/pet/findPetsByStatus'\n}).then(function (res) {\n  return console.log(\"GETSTATUS: \" + res);\n}).its('status').should('to.be.equal', 200);",
              "err": {},
              "uuid": "ad55b832-3984-4f69-8902-77e84ee891d4",
              "parentUUID": "8a14ace7-fa5f-4239-98e4-aac5eac5b187",
              "isHook": false,
              "skipped": false
            },
            {
              "title": "Get - PetId",
              "fullTitle": "Pet Request Get - PetId",
              "timedOut": null,
              "duration": 605,
              "state": "passed",
              "speed": "slow",
              "pass": true,
              "fail": false,
              "pending": false,
              "context": null,
              "code": "cy.request({\n  method: 'GET',\n  url: 'https://petstore.swagger.io/#/pet/' + id\n}).then(function (res) {\n  return console.log(\"GET: \" + res);\n}).its('status').should('to.be.equal', 200);",
              "err": {},
              "uuid": "6f651b5a-37c3-42bf-849a-29b95ffd6623",
              "parentUUID": "8a14ace7-fa5f-4239-98e4-aac5eac5b187",
              "isHook": false,
              "skipped": false
            },
            {
              "title": "Delete - PetId",
              "fullTitle": "Pet Request Delete - PetId",
              "timedOut": null,
              "duration": 494,
              "state": "passed",
              "speed": "slow",
              "pass": true,
              "fail": false,
              "pending": false,
              "context": null,
              "code": "cy.request({\n  method: 'DELETE',\n  url: 'https://petstore.swagger.io/v2/pet/' + id\n}).then(function (res) {\n  return console.log(\"DELETE: \" + res);\n}).its('status').should('to.be.equal', 200);",
              "err": {},
              "uuid": "ecf5de9d-64ed-4c54-9be2-b5d0ca5eff68",
              "parentUUID": "8a14ace7-fa5f-4239-98e4-aac5eac5b187",
              "isHook": false,
              "skipped": false
            }
          ],
          "suites": [],
          "passes": [
            "1753722a-80bd-4a0f-ba18-557f27073c3b",
            "ad55b832-3984-4f69-8902-77e84ee891d4",
            "6f651b5a-37c3-42bf-849a-29b95ffd6623",
            "ecf5de9d-64ed-4c54-9be2-b5d0ca5eff68"
          ],
          "failures": [],
          "pending": [],
          "skipped": [],
          "duration": 3568,
          "root": false,
          "rootEmpty": false,
          "_timeout": 2000
        }
      ],
      "passes": [],
      "failures": [],
      "pending": [],
      "skipped": [],
      "duration": 0,
      "root": true,
      "rootEmpty": true,
      "_timeout": 2000
    }
  ],
  "meta": {
    "mocha": {
      "version": "8.0.1"
    },
    "mochawesome": {
      "options": {
        "quiet": false,
        "reportFilename": "mochawesome",
        "saveHtml": true,
        "saveJson": true,
        "consoleReporter": "spec",
        "useInlineDiffs": false,
        "code": true
      },
      "version": "6.1.1"
    },
    "marge": {
      "options": {
        "id": "default",
        "reportDir": "cypress/reports/mocha",
        "quite": true,
        "overwrite": false,
        "html": true,
        "json": true
      },
      "version": "5.1.0"
    }
  }
}