{
  "stats": {
    "suites": 1,
    "tests": 4,
    "passes": 4,
    "pending": 0,
    "failures": 0,
    "start": "2020-06-30T18:05:17.405Z",
    "end": "2020-06-30T18:05:21.549Z",
    "duration": 4144,
    "testsRegistered": 4,
    "passPercent": 100,
    "pendingPercent": 0,
    "other": 0,
    "hasOther": false,
    "skipped": 0,
    "hasSkipped": false
  },
  "results": [
    {
      "uuid": "04577bff-5a14-433f-9de2-761e24e8b08b",
      "title": "",
      "fullFile": "cypress/integration/api/api-petTest/petApi.spec.js",
      "file": "cypress/integration/api/api-petTest/petApi.spec.js",
      "beforeHooks": [],
      "afterHooks": [],
      "tests": [],
      "suites": [
        {
          "uuid": "4ea8bab0-0372-42ea-9427-f81eb1060571",
          "title": "Pet Request",
          "fullFile": "",
          "file": "",
          "beforeHooks": [],
          "afterHooks": [],
          "tests": [
            {
              "title": "Post - Pet",
              "fullTitle": "Pet Request Post - Pet",
              "timedOut": null,
              "duration": 1586,
              "state": "passed",
              "speed": "slow",
              "pass": true,
              "fail": false,
              "pending": false,
              "context": null,
              "code": "cy.request({\n  method: 'POST',\n  url: 'https://petstore.swagger.io/v2/pet/',\n  body: {\n    \"id\": id,\n    \"name\": name,\n    \"photoUrls\": [],\n    \"tags\": [],\n    \"status\": \"LIVE\"\n  }\n}).then(function (res) {\n  return console.log(\"POST: \" + res);\n}).its('status').should('to.be.equal', 200);",
              "err": {},
              "uuid": "53296ac4-9965-4e17-a915-6ebbf0f307e7",
              "parentUUID": "4ea8bab0-0372-42ea-9427-f81eb1060571",
              "isHook": false,
              "skipped": false
            },
            {
              "title": "Get - StatusPet",
              "fullTitle": "Pet Request Get - StatusPet",
              "timedOut": null,
              "duration": 634,
              "state": "passed",
              "speed": "slow",
              "pass": true,
              "fail": false,
              "pending": false,
              "context": null,
              "code": "cy.request({\n  method: 'GET',\n  url: 'https://petstore.swagger.io/#/pet/findPetsByStatus'\n}).then(function (res) {\n  return console.log(\"GETSTATUS: \" + res);\n}).its('status').should('to.be.equal', 200);",
              "err": {},
              "uuid": "1dec8e64-d2e7-407d-9fd5-ebd305729a6f",
              "parentUUID": "4ea8bab0-0372-42ea-9427-f81eb1060571",
              "isHook": false,
              "skipped": false
            },
            {
              "title": "Get - PetId",
              "fullTitle": "Pet Request Get - PetId",
              "timedOut": null,
              "duration": 1014,
              "state": "passed",
              "speed": "slow",
              "pass": true,
              "fail": false,
              "pending": false,
              "context": null,
              "code": "cy.request({\n  method: 'GET',\n  url: 'https://petstore.swagger.io/#/pet/' + id\n}).then(function (res) {\n  return console.log(\"GET: \" + res);\n}).its('status').should('to.be.equal', 200);",
              "err": {},
              "uuid": "9971235e-1d0e-4e5c-a06b-61f70bd3d8cd",
              "parentUUID": "4ea8bab0-0372-42ea-9427-f81eb1060571",
              "isHook": false,
              "skipped": false
            },
            {
              "title": "Delete - PetId",
              "fullTitle": "Pet Request Delete - PetId",
              "timedOut": null,
              "duration": 822,
              "state": "passed",
              "speed": "slow",
              "pass": true,
              "fail": false,
              "pending": false,
              "context": null,
              "code": "cy.request({\n  method: 'DELETE',\n  url: 'https://petstore.swagger.io/v2/pet/' + id\n}).then(function (res) {\n  return console.log(\"DELETE: \" + res);\n}).its('status').should('to.be.equal', 200);",
              "err": {},
              "uuid": "09788edf-f795-4cec-a078-58405e11d2c0",
              "parentUUID": "4ea8bab0-0372-42ea-9427-f81eb1060571",
              "isHook": false,
              "skipped": false
            }
          ],
          "suites": [],
          "passes": [
            "53296ac4-9965-4e17-a915-6ebbf0f307e7",
            "1dec8e64-d2e7-407d-9fd5-ebd305729a6f",
            "9971235e-1d0e-4e5c-a06b-61f70bd3d8cd",
            "09788edf-f795-4cec-a078-58405e11d2c0"
          ],
          "failures": [],
          "pending": [],
          "skipped": [],
          "duration": 4056,
          "root": false,
          "rootEmpty": false,
          "_timeout": 2000
        }
      ],
      "passes": [],
      "failures": [],
      "pending": [],
      "skipped": [],
      "duration": 0,
      "root": true,
      "rootEmpty": true,
      "_timeout": 2000
    }
  ],
  "meta": {
    "mocha": {
      "version": "8.0.1"
    },
    "mochawesome": {
      "options": {
        "quiet": false,
        "reportFilename": "mochawesome",
        "saveHtml": true,
        "saveJson": true,
        "consoleReporter": "spec",
        "useInlineDiffs": false,
        "code": true
      },
      "version": "6.1.1"
    },
    "marge": {
      "options": {
        "id": "default",
        "reportDir": "cypress/reports/mocha",
        "quite": true,
        "overwrite": false,
        "html": true,
        "json": true
      },
      "version": "5.1.0"
    }
  }
}