{
  "stats": {
    "suites": 1,
    "tests": 1,
    "passes": 1,
    "pending": 0,
    "failures": 0,
    "start": "2020-06-29T22:47:55.165Z",
    "end": "2020-06-29T22:48:37.963Z",
    "duration": 42798,
    "testsRegistered": 1,
    "passPercent": 100,
    "pendingPercent": 0,
    "other": 0,
    "hasOther": false,
    "skipped": 0,
    "hasSkipped": false
  },
  "results": [
    {
      "uuid": "be9a8561-dec4-441a-9d5a-ac4a0a66ded9",
      "title": "",
      "fullFile": "cypress/integration/test-crowdtest/incluiCasoDeTeste.spec.js",
      "file": "cypress/integration/test-crowdtest/incluiCasoDeTeste.spec.js",
      "beforeHooks": [],
      "afterHooks": [],
      "tests": [],
      "suites": [
        {
          "uuid": "21dffbe5-6c5b-4173-b253-15d402abebe3",
          "title": "Incluir Caso de Teste",
          "fullFile": "",
          "file": "",
          "beforeHooks": [],
          "afterHooks": [],
          "tests": [
            {
              "title": "Inclui Caso de Teste",
              "fullTitle": "Incluir Caso de Teste Inclui Caso de Teste",
              "timedOut": null,
              "duration": 40732,
              "state": "passed",
              "speed": "slow",
              "pass": true,
              "fail": false,
              "pending": false,
              "context": null,
              "code": "cy.fixture('crowdData').as('usuario').then(function (usuario) {\n  cy.incluirProjeto(usuario.idProjeto + id, usuario.nomeProjeto, usuario.descricaoProjeto, usuario.tipoProjeto, usuario.feature + id);\n  cy.fecharPopUp();\n  cy.incluiCasoDeTeste(usuario.titulo_CT, usuario.descricao_CT, usuario.resultadoEsperado_CT, usuario.newFeature, usuario.selectFeature);\n  cy.validaMensagemSucesso('Caso de teste criado com sucesso.');\n});",
              "err": {},
              "uuid": "dd7333c9-8c2a-4b6d-a2ee-6453378b9cdb",
              "parentUUID": "21dffbe5-6c5b-4173-b253-15d402abebe3",
              "isHook": false,
              "skipped": false
            }
          ],
          "suites": [],
          "passes": [
            "dd7333c9-8c2a-4b6d-a2ee-6453378b9cdb"
          ],
          "failures": [],
          "pending": [],
          "skipped": [],
          "duration": 40732,
          "root": false,
          "rootEmpty": false,
          "_timeout": 2000
        }
      ],
      "passes": [],
      "failures": [],
      "pending": [],
      "skipped": [],
      "duration": 0,
      "root": true,
      "rootEmpty": true,
      "_timeout": 2000
    }
  ],
  "meta": {
    "mocha": {
      "version": "8.0.1"
    },
    "mochawesome": {
      "options": {
        "quiet": false,
        "reportFilename": "mochawesome",
        "saveHtml": true,
        "saveJson": true,
        "consoleReporter": "spec",
        "useInlineDiffs": false,
        "code": true
      },
      "version": "6.1.1"
    },
    "marge": {
      "options": {
        "id": "default",
        "reportDir": "cypress/reports/mocha",
        "quite": true,
        "overwrite": false,
        "html": true,
        "json": true
      },
      "version": "5.1.0"
    }
  }
}