{
  "stats": {
    "suites": 1,
    "tests": 4,
    "passes": 4,
    "pending": 0,
    "failures": 0,
    "start": "2020-06-30T17:57:39.799Z",
    "end": "2020-06-30T17:57:42.693Z",
    "duration": 2894,
    "testsRegistered": 4,
    "passPercent": 100,
    "pendingPercent": 0,
    "other": 0,
    "hasOther": false,
    "skipped": 0,
    "hasSkipped": false
  },
  "results": [
    {
      "uuid": "07fac1bf-f483-4497-9a59-542ee292f211",
      "title": "",
      "fullFile": "cypress/integration/api/api-petTest/storeApi.spec.js",
      "file": "cypress/integration/api/api-petTest/storeApi.spec.js",
      "beforeHooks": [],
      "afterHooks": [],
      "tests": [],
      "suites": [
        {
          "uuid": "f7ca8182-8ec0-4708-baac-13a20418fb80",
          "title": "Store Request",
          "fullFile": "",
          "file": "",
          "beforeHooks": [],
          "afterHooks": [],
          "tests": [
            {
              "title": "Post - StoreOrder",
              "fullTitle": "Store Request Post - StoreOrder",
              "timedOut": null,
              "duration": 588,
              "state": "passed",
              "speed": "slow",
              "pass": true,
              "fail": false,
              "pending": false,
              "context": null,
              "code": "cy.request({\n  method: 'POST',\n  url: 'https://petstore.swagger.io/v2/store/order',\n  body: {\n    \"id\": id,\n    \"petId\": id,\n    \"quantity\": 0,\n    \"shipDate\": \"2020-06-29T18:22:06.435Z\",\n    \"status\": \"placed\",\n    \"complete\": true\n  }\n}).then(function (res) {\n  return console.log(\"POST: \" + res);\n}).its('status').should('to.be.equal', 200);",
              "err": {},
              "uuid": "c07f283d-d210-4e02-875b-9e3de3d95308",
              "parentUUID": "f7ca8182-8ec0-4708-baac-13a20418fb80",
              "isHook": false,
              "skipped": false
            },
            {
              "title": "Get - StoreOrderId",
              "fullTitle": "Store Request Get - StoreOrderId",
              "timedOut": null,
              "duration": 514,
              "state": "passed",
              "speed": "slow",
              "pass": true,
              "fail": false,
              "pending": false,
              "context": null,
              "code": "cy.request({\n  method: 'GET',\n  url: 'https://petstore.swagger.io/v2/store/order/' + id\n}).then(function (res) {\n  return console.log(\"GET: \" + res);\n}).its('status').should('to.be.equal', 200);",
              "err": {},
              "uuid": "12ddac75-8110-4a04-8479-a0b7f985080f",
              "parentUUID": "f7ca8182-8ec0-4708-baac-13a20418fb80",
              "isHook": false,
              "skipped": false
            },
            {
              "title": "Delete - StoreOrderId",
              "fullTitle": "Store Request Delete - StoreOrderId",
              "timedOut": null,
              "duration": 1162,
              "state": "passed",
              "speed": "slow",
              "pass": true,
              "fail": false,
              "pending": false,
              "context": null,
              "code": "cy.request({\n  method: 'DELETE',\n  url: 'https://petstore.swagger.io/v2/store/order/' + id\n}).then(function (res) {\n  return console.log(\"DELETE: \" + res);\n}).its('status').should('to.be.equal', 200);",
              "err": {},
              "uuid": "04033bf3-a9b2-4934-91ef-eca9c707f88b",
              "parentUUID": "f7ca8182-8ec0-4708-baac-13a20418fb80",
              "isHook": false,
              "skipped": false
            },
            {
              "title": "Get - StoreInventory",
              "fullTitle": "Store Request Get - StoreInventory",
              "timedOut": null,
              "duration": 559,
              "state": "passed",
              "speed": "slow",
              "pass": true,
              "fail": false,
              "pending": false,
              "context": null,
              "code": "cy.request({\n  method: 'GET',\n  url: 'https://petstore.swagger.io/v2/store/inventory'\n}).then(function (res) {\n  return console.log(\"GET: \" + res);\n}).its('status').should('to.be.equal', 200);",
              "err": {},
              "uuid": "46c17883-44a5-411c-80c5-d3dc078d6515",
              "parentUUID": "f7ca8182-8ec0-4708-baac-13a20418fb80",
              "isHook": false,
              "skipped": false
            }
          ],
          "suites": [],
          "passes": [
            "c07f283d-d210-4e02-875b-9e3de3d95308",
            "12ddac75-8110-4a04-8479-a0b7f985080f",
            "04033bf3-a9b2-4934-91ef-eca9c707f88b",
            "46c17883-44a5-411c-80c5-d3dc078d6515"
          ],
          "failures": [],
          "pending": [],
          "skipped": [],
          "duration": 2823,
          "root": false,
          "rootEmpty": false,
          "_timeout": 2000
        }
      ],
      "passes": [],
      "failures": [],
      "pending": [],
      "skipped": [],
      "duration": 0,
      "root": true,
      "rootEmpty": true,
      "_timeout": 2000
    }
  ],
  "meta": {
    "mocha": {
      "version": "8.0.1"
    },
    "mochawesome": {
      "options": {
        "quiet": false,
        "reportFilename": "mochawesome",
        "saveHtml": true,
        "saveJson": true,
        "consoleReporter": "spec",
        "useInlineDiffs": false,
        "code": true
      },
      "version": "6.1.1"
    },
    "marge": {
      "options": {
        "id": "default",
        "reportDir": "cypress/reports/mocha",
        "quite": true,
        "overwrite": false,
        "html": true,
        "json": true
      },
      "version": "5.1.0"
    }
  }
}