{
  "stats": {
    "suites": 1,
    "tests": 1,
    "passes": 1,
    "pending": 0,
    "failures": 0,
    "start": "2020-06-29T22:51:03.746Z",
    "end": "2020-06-29T22:51:29.325Z",
    "duration": 25579,
    "testsRegistered": 1,
    "passPercent": 100,
    "pendingPercent": 0,
    "other": 0,
    "hasOther": false,
    "skipped": 0,
    "hasSkipped": false
  },
  "results": [
    {
      "uuid": "6c416b17-926f-4073-91ed-3e78b3e3b7ab",
      "title": "",
      "fullFile": "cypress/integration/test-crowdtest/validaItensTela.spec.js",
      "file": "cypress/integration/test-crowdtest/validaItensTela.spec.js",
      "beforeHooks": [],
      "afterHooks": [],
      "tests": [],
      "suites": [
        {
          "uuid": "1e70d1d1-85ea-402c-a2ed-3e4fdfeb18bc",
          "title": "Valida Itens de Tela",
          "fullFile": "",
          "file": "",
          "beforeHooks": [],
          "afterHooks": [],
          "tests": [
            {
              "title": "Inclui Projeto",
              "fullTitle": "Valida Itens de Tela Inclui Projeto",
              "timedOut": null,
              "duration": 23334,
              "state": "passed",
              "speed": "slow",
              "pass": true,
              "fail": false,
              "pending": false,
              "context": null,
              "code": "cy.visitaTelaProjetos();\ncy.ValidaElementosDeTela();",
              "err": {},
              "uuid": "c8187565-5eb1-4af2-aa96-f50feb1521bd",
              "parentUUID": "1e70d1d1-85ea-402c-a2ed-3e4fdfeb18bc",
              "isHook": false,
              "skipped": false
            }
          ],
          "suites": [],
          "passes": [
            "c8187565-5eb1-4af2-aa96-f50feb1521bd"
          ],
          "failures": [],
          "pending": [],
          "skipped": [],
          "duration": 23334,
          "root": false,
          "rootEmpty": false,
          "_timeout": 2000
        }
      ],
      "passes": [],
      "failures": [],
      "pending": [],
      "skipped": [],
      "duration": 0,
      "root": true,
      "rootEmpty": true,
      "_timeout": 2000
    }
  ],
  "meta": {
    "mocha": {
      "version": "8.0.1"
    },
    "mochawesome": {
      "options": {
        "quiet": false,
        "reportFilename": "mochawesome",
        "saveHtml": true,
        "saveJson": true,
        "consoleReporter": "spec",
        "useInlineDiffs": false,
        "code": true
      },
      "version": "6.1.1"
    },
    "marge": {
      "options": {
        "id": "default",
        "reportDir": "cypress/reports/mocha",
        "quite": true,
        "overwrite": false,
        "html": true,
        "json": true
      },
      "version": "5.1.0"
    }
  }
}