{
  "stats": {
    "suites": 1,
    "tests": 4,
    "passes": 4,
    "pending": 0,
    "failures": 0,
    "start": "2020-06-30T18:05:26.242Z",
    "end": "2020-06-30T18:05:29.111Z",
    "duration": 2869,
    "testsRegistered": 4,
    "passPercent": 100,
    "pendingPercent": 0,
    "other": 0,
    "hasOther": false,
    "skipped": 0,
    "hasSkipped": false
  },
  "results": [
    {
      "uuid": "a54fcaa4-d29d-4eb3-9e56-7809b3886cb7",
      "title": "",
      "fullFile": "cypress/integration/api/api-petTest/storeApi.spec.js",
      "file": "cypress/integration/api/api-petTest/storeApi.spec.js",
      "beforeHooks": [],
      "afterHooks": [],
      "tests": [],
      "suites": [
        {
          "uuid": "f5f2b758-de09-42d3-b28b-8adba52f8927",
          "title": "Store Request",
          "fullFile": "",
          "file": "",
          "beforeHooks": [],
          "afterHooks": [],
          "tests": [
            {
              "title": "Post - StoreOrder",
              "fullTitle": "Store Request Post - StoreOrder",
              "timedOut": null,
              "duration": 597,
              "state": "passed",
              "speed": "slow",
              "pass": true,
              "fail": false,
              "pending": false,
              "context": null,
              "code": "cy.request({\n  method: 'POST',\n  url: 'https://petstore.swagger.io/v2/store/order',\n  body: {\n    \"id\": id,\n    \"petId\": id,\n    \"quantity\": 0,\n    \"shipDate\": \"2020-06-29T18:22:06.435Z\",\n    \"status\": \"placed\",\n    \"complete\": true\n  }\n}).then(function (res) {\n  return console.log(\"POST: \" + res);\n}).its('status').should('to.be.equal', 200);",
              "err": {},
              "uuid": "1d99a909-749b-446d-853d-7d5fd59925e0",
              "parentUUID": "f5f2b758-de09-42d3-b28b-8adba52f8927",
              "isHook": false,
              "skipped": false
            },
            {
              "title": "Get - StoreOrderId",
              "fullTitle": "Store Request Get - StoreOrderId",
              "timedOut": null,
              "duration": 1075,
              "state": "passed",
              "speed": "slow",
              "pass": true,
              "fail": false,
              "pending": false,
              "context": null,
              "code": "cy.request({\n  method: 'GET',\n  url: 'https://petstore.swagger.io/v2/store/order/' + id\n}).then(function (res) {\n  return console.log(\"GET: \" + res);\n}).its('status').should('to.be.equal', 200);",
              "err": {},
              "uuid": "c4654867-7acb-40ea-83e3-0776ccb07478",
              "parentUUID": "f5f2b758-de09-42d3-b28b-8adba52f8927",
              "isHook": false,
              "skipped": false
            },
            {
              "title": "Delete - StoreOrderId",
              "fullTitle": "Store Request Delete - StoreOrderId",
              "timedOut": null,
              "duration": 635,
              "state": "passed",
              "speed": "slow",
              "pass": true,
              "fail": false,
              "pending": false,
              "context": null,
              "code": "cy.request({\n  method: 'DELETE',\n  url: 'https://petstore.swagger.io/v2/store/order/' + id\n}).then(function (res) {\n  return console.log(\"DELETE: \" + res);\n}).its('status').should('to.be.equal', 200);",
              "err": {},
              "uuid": "72aa7fd4-4443-4cf9-8334-80dd13aa3d23",
              "parentUUID": "f5f2b758-de09-42d3-b28b-8adba52f8927",
              "isHook": false,
              "skipped": false
            },
            {
              "title": "Get - StoreInventory",
              "fullTitle": "Store Request Get - StoreInventory",
              "timedOut": null,
              "duration": 512,
              "state": "passed",
              "speed": "slow",
              "pass": true,
              "fail": false,
              "pending": false,
              "context": null,
              "code": "cy.request({\n  method: 'GET',\n  url: 'https://petstore.swagger.io/v2/store/inventory'\n}).then(function (res) {\n  return console.log(\"GET: \" + res);\n}).its('status').should('to.be.equal', 200);",
              "err": {},
              "uuid": "09422f88-e7eb-4bc0-b1dd-7b09c9f170a2",
              "parentUUID": "f5f2b758-de09-42d3-b28b-8adba52f8927",
              "isHook": false,
              "skipped": false
            }
          ],
          "suites": [],
          "passes": [
            "1d99a909-749b-446d-853d-7d5fd59925e0",
            "c4654867-7acb-40ea-83e3-0776ccb07478",
            "72aa7fd4-4443-4cf9-8334-80dd13aa3d23",
            "09422f88-e7eb-4bc0-b1dd-7b09c9f170a2"
          ],
          "failures": [],
          "pending": [],
          "skipped": [],
          "duration": 2819,
          "root": false,
          "rootEmpty": false,
          "_timeout": 2000
        }
      ],
      "passes": [],
      "failures": [],
      "pending": [],
      "skipped": [],
      "duration": 0,
      "root": true,
      "rootEmpty": true,
      "_timeout": 2000
    }
  ],
  "meta": {
    "mocha": {
      "version": "8.0.1"
    },
    "mochawesome": {
      "options": {
        "quiet": false,
        "reportFilename": "mochawesome",
        "saveHtml": true,
        "saveJson": true,
        "consoleReporter": "spec",
        "useInlineDiffs": false,
        "code": true
      },
      "version": "6.1.1"
    },
    "marge": {
      "options": {
        "id": "default",
        "reportDir": "cypress/reports/mocha",
        "quite": true,
        "overwrite": false,
        "html": true,
        "json": true
      },
      "version": "5.1.0"
    }
  }
}