{
  "stats": {
    "suites": 1,
    "tests": 0,
    "passes": 0,
    "pending": 0,
    "failures": 0,
    "start": "2020-06-29T22:51:36.529Z",
    "end": "2020-06-29T22:52:38.962Z",
    "duration": 62433,
    "testsRegistered": 2,
    "passPercent": 0,
    "pendingPercent": 0,
    "other": 1,
    "hasOther": true,
    "skipped": 2,
    "hasSkipped": true
  },
  "results": [
    {
      "uuid": "e4afc696-9df0-4b21-966e-9d0e6e696dfa",
      "title": "",
      "fullFile": "cypress/integration/test-crowdtest/validaLogin.spec.js",
      "file": "cypress/integration/test-crowdtest/validaLogin.spec.js",
      "beforeHooks": [],
      "afterHooks": [],
      "tests": [],
      "suites": [
        {
          "uuid": "d854f3c8-aa74-4aa3-a2cd-eff978565351",
          "title": "Valida Tela Login",
          "fullFile": "",
          "file": "",
          "beforeHooks": [],
          "afterHooks": [],
          "tests": [
            {
              "title": "Realiza login com sucesso",
              "fullTitle": "Valida Tela Login Realiza login com sucesso",
              "timedOut": null,
              "duration": 60613,
              "state": "failed",
              "speed": null,
              "pass": false,
              "fail": true,
              "pending": false,
              "context": null,
              "code": "var _this = this;\ncy.fixture('crowdData').as('usuario').then(function () {\n  cy.realizaLogin(_this.usuario.user, _this.usuario.password);\n  cy.validaLogin(_this.usuario.msgSucesso);\n});",
              "err": {
                "message": "CypressError: Timed out after waiting '60000ms' for your remote page to load.\n\nYour page did not fire its 'load' event within '60000ms'.\n\nYou can try increasing the 'pageLoadTimeout' value in 'cypress.json' to wait longer.\n\nBrowsers will not fire the 'load' event until all stylesheets and scripts are done downloading.\n\nWhen this 'load' event occurs, Cypress will continue running commands.\n\nBecause this error occurred during a 'before each' hook we are skipping the remaining tests in the current suite: 'Valida Tela Login'",
                "estack": "CypressError: Timed out after waiting '60000ms' for your remote page to load.\n\nYour page did not fire its 'load' event within '60000ms'.\n\nYou can try increasing the 'pageLoadTimeout' value in 'cypress.json' to wait longer.\n\nBrowsers will not fire the 'load' event until all stylesheets and scripts are done downloading.\n\nWhen this 'load' event occurs, Cypress will continue running commands.\n\nBecause this error occurred during a 'before each' hook we are skipping the remaining tests in the current suite: 'Valida Tela Login'\n    at Object.cypressErr (http://blackmirror.crowdtest.me.s3-website-us-east-1.amazonaws.com/__cypress/runner/cypress_runner.js:86207:11)\n    at Object.throwErr (http://blackmirror.crowdtest.me.s3-website-us-east-1.amazonaws.com/__cypress/runner/cypress_runner.js:86162:18)\n    at Object.throwErrByPath (http://blackmirror.crowdtest.me.s3-website-us-east-1.amazonaws.com/__cypress/runner/cypress_runner.js:86194:17)\n    at timedOutWaitingForPageLoad (http://blackmirror.crowdtest.me.s3-website-us-east-1.amazonaws.com/__cypress/runner/cypress_runner.js:70751:17)\n    at http://blackmirror.crowdtest.me.s3-website-us-east-1.amazonaws.com/__cypress/runner/cypress_runner.js:71530:16\n    at tryCatcher (http://blackmirror.crowdtest.me.s3-website-us-east-1.amazonaws.com/__cypress/runner/cypress_runner.js:120203:23)\n    at http://blackmirror.crowdtest.me.s3-website-us-east-1.amazonaws.com/__cypress/runner/cypress_runner.js:115344:41\n    at tryCatcher (http://blackmirror.crowdtest.me.s3-website-us-east-1.amazonaws.com/__cypress/runner/cypress_runner.js:120203:23)\n    at Promise._settlePromiseFromHandler (http://blackmirror.crowdtest.me.s3-website-us-east-1.amazonaws.com/__cypress/runner/cypress_runner.js:118139:31)\n    at Promise._settlePromise (http://blackmirror.crowdtest.me.s3-website-us-east-1.amazonaws.com/__cypress/runner/cypress_runner.js:118196:18)\n    at Promise._settlePromise0 (http://blackmirror.crowdtest.me.s3-website-us-east-1.amazonaws.com/__cypress/runner/cypress_runner.js:118241:10)\n    at Promise._settlePromises (http://blackmirror.crowdtest.me.s3-website-us-east-1.amazonaws.com/__cypress/runner/cypress_runner.js:118316:18)\n    at Async../node_modules/bluebird/js/release/async.js.Async._drainQueue (http://blackmirror.crowdtest.me.s3-website-us-east-1.amazonaws.com/__cypress/runner/cypress_runner.js:114928:16)\n    at Async../node_modules/bluebird/js/release/async.js.Async._drainQueues (http://blackmirror.crowdtest.me.s3-website-us-east-1.amazonaws.com/__cypress/runner/cypress_runner.js:114938:10)\n    at Async.drainQueues (http://blackmirror.crowdtest.me.s3-website-us-east-1.amazonaws.com/__cypress/runner/cypress_runner.js:114812:14)",
                "diff": null
              },
              "uuid": "b81cbd0a-977b-4a30-946c-ad958a46946f",
              "parentUUID": "d854f3c8-aa74-4aa3-a2cd-eff978565351",
              "isHook": false,
              "skipped": false
            },
            {
              "title": "Realiza login Invalido",
              "fullTitle": "Valida Tela Login Realiza login Invalido",
              "timedOut": null,
              "duration": 0,
              "state": "skipped",
              "speed": null,
              "pass": false,
              "fail": false,
              "pending": false,
              "context": null,
              "code": "var _this2 = this;\ncy.fixture('crowdData').as('usuario').then(function () {\n  cy.realizaLogin(_this2.usuario.user, 'invalida');\n  cy.validaLoginInvalido(_this2.usuario.msgErro);\n});",
              "err": {},
              "uuid": "73fd727d-a6d3-4228-9600-aa7b0215aa08",
              "parentUUID": "d854f3c8-aa74-4aa3-a2cd-eff978565351",
              "isHook": false,
              "skipped": true
            }
          ],
          "suites": [],
          "passes": [],
          "failures": [
            "b81cbd0a-977b-4a30-946c-ad958a46946f"
          ],
          "pending": [],
          "skipped": [
            "73fd727d-a6d3-4228-9600-aa7b0215aa08"
          ],
          "duration": 60613,
          "root": false,
          "rootEmpty": false,
          "_timeout": 2000
        }
      ],
      "passes": [],
      "failures": [],
      "pending": [],
      "skipped": [],
      "duration": 0,
      "root": true,
      "rootEmpty": true,
      "_timeout": 2000
    }
  ],
  "meta": {
    "mocha": {
      "version": "8.0.1"
    },
    "mochawesome": {
      "options": {
        "quiet": false,
        "reportFilename": "mochawesome",
        "saveHtml": true,
        "saveJson": true,
        "consoleReporter": "spec",
        "useInlineDiffs": false,
        "code": true
      },
      "version": "6.1.1"
    },
    "marge": {
      "options": {
        "id": "default",
        "reportDir": "cypress/reports/mocha",
        "quite": true,
        "overwrite": false,
        "html": true,
        "json": true
      },
      "version": "5.1.0"
    }
  }
}